test_additive_accumulates_multiple_values (Atlas.memory.test_faz5_lifecycle.TestAdditiveAccumulate)
ADDITIVE predicate: birden fazla de­er accumulate edilir ... ERROR
test_exclusive_different_value_supersedes_old (Atlas.memory.test_faz5_lifecycle.TestExclusiveOverwrite)
EXCLUSIVE predicate: farkl² de­er ile eski SUPERSEDED olur ... ERROR
test_exclusive_same_value_no_supersede (Atlas.memory.test_faz5_lifecycle.TestExclusiveOverwrite)
EXCLUSIVE predicate: ayn² de­er ile supersede olmaz (update) ... ERROR
test_user_a_supersede_does_not_affect_user_b (Atlas.memory.test_faz5_lifecycle.TestMultiUserIsolation)
UserA supersede edince userB etkilenmez ... ERROR
test_resolve_preserves_source_turn_id (Atlas.memory.test_faz5_lifecycle.TestProvenanceIntegrity)
resolve_conflicts source_turn_id'yi triplet'lerde koruyor ... ERROR
test_supersede_sets_correct_fields (Atlas.memory.test_faz5_lifecycle.TestProvenanceIntegrity)
Supersede operation do­ru provenance alanlar²n² set eder ... ERROR
test_context_uses_active_filter (Atlas.memory.test_faz5_lifecycle.TestSupersededNotInRetrieval)
Context retrieval SUPERSEDED'leri filtreliyor mu? ... ok

======================================================================
ERROR: test_additive_accumulates_multiple_values (Atlas.memory.test_faz5_lifecycle.TestAdditiveAccumulate)
ADDITIVE predicate: birden fazla de­er accumulate edilir
----------------------------------------------------------------------
Traceback (most recent call last):
  File "C:\Users\admin\AppData\Local\Programs\Python\Python310\lib\unittest\async_case.py", line 64, in _callTestMethod
    self._callMaybeAsync(method)
  File "C:\Users\admin\AppData\Local\Programs\Python\Python310\lib\unittest\async_case.py", line 87, in _callMaybeAsync
    return self._asyncioTestLoop.run_until_complete(fut)
  File "C:\Users\admin\AppData\Local\Programs\Python\Python310\lib\asyncio\base_events.py", line 649, in run_until_complete
    return future.result()
  File "C:\Users\admin\AppData\Local\Programs\Python\Python310\lib\unittest\async_case.py", line 101, in _asyncioLoopRunner
    ret = await awaitable
  File "C:\Users\admin\AppData\Local\Programs\Python\Python310\lib\unittest\mock.py", line 1393, in patched
    with self.decoration_helper(patched,
  File "C:\Users\admin\AppData\Local\Programs\Python\Python310\lib\contextlib.py", line 135, in __enter__
    return next(self.gen)
  File "C:\Users\admin\AppData\Local\Programs\Python\Python310\lib\unittest\mock.py", line 1358, in decoration_helper
    arg = exit_stack.enter_context(patching)
  File "C:\Users\admin\AppData\Local\Programs\Python\Python310\lib\contextlib.py", line 492, in enter_context
    result = _cm_type.__enter__(cm)
  File "C:\Users\admin\AppData\Local\Programs\Python\Python310\lib\unittest\mock.py", line 1431, in __enter__
    self.target = self.getter()
  File "C:\Users\admin\AppData\Local\Programs\Python\Python310\lib\unittest\mock.py", line 1618, in <lambda>
    getter = lambda: _importer(target)
  File "C:\Users\admin\AppData\Local\Programs\Python\Python310\lib\unittest\mock.py", line 1261, in _importer
    thing = _dot_lookup(thing, comp, import_path)
  File "C:\Users\admin\AppData\Local\Programs\Python\Python310\lib\unittest\mock.py", line 1250, in _dot_lookup
    __import__(import_path)
ModuleNotFoundError: No module named 'Atlas.memory.lifecycle_engine.neo4j_manager'; 'Atlas.memory.lifecycle_engine' is not a package

======================================================================
ERROR: test_exclusive_different_value_supersedes_old (Atlas.memory.test_faz5_lifecycle.TestExclusiveOverwrite)
EXCLUSIVE predicate: farkl² de­er ile eski SUPERSEDED olur
----------------------------------------------------------------------
Traceback (most recent call last):
  File "C:\Users\admin\AppData\Local\Programs\Python\Python310\lib\unittest\async_case.py", line 64, in _callTestMethod
    self._callMaybeAsync(method)
  File "C:\Users\admin\AppData\Local\Programs\Python\Python310\lib\unittest\async_case.py", line 87, in _callMaybeAsync
    return self._asyncioTestLoop.run_until_complete(fut)
  File "C:\Users\admin\AppData\Local\Programs\Python\Python310\lib\asyncio\base_events.py", line 649, in run_until_complete
    return future.result()
  File "C:\Users\admin\AppData\Local\Programs\Python\Python310\lib\unittest\async_case.py", line 101, in _asyncioLoopRunner
    ret = await awaitable
  File "C:\Users\admin\AppData\Local\Programs\Python\Python310\lib\unittest\mock.py", line 1393, in patched
    with self.decoration_helper(patched,
  File "C:\Users\admin\AppData\Local\Programs\Python\Python310\lib\contextlib.py", line 135, in __enter__
    return next(self.gen)
  File "C:\Users\admin\AppData\Local\Programs\Python\Python310\lib\unittest\mock.py", line 1358, in decoration_helper
    arg = exit_stack.enter_context(patching)
  File "C:\Users\admin\AppData\Local\Programs\Python\Python310\lib\contextlib.py", line 492, in enter_context
    result = _cm_type.__enter__(cm)
  File "C:\Users\admin\AppData\Local\Programs\Python\Python310\lib\unittest\mock.py", line 1431, in __enter__
    self.target = self.getter()
  File "C:\Users\admin\AppData\Local\Programs\Python\Python310\lib\unittest\mock.py", line 1618, in <lambda>
    getter = lambda: _importer(target)
  File "C:\Users\admin\AppData\Local\Programs\Python\Python310\lib\unittest\mock.py", line 1261, in _importer
    thing = _dot_lookup(thing, comp, import_path)
  File "C:\Users\admin\AppData\Local\Programs\Python\Python310\lib\unittest\mock.py", line 1250, in _dot_lookup
    __import__(import_path)
ModuleNotFoundError: No module named 'Atlas.memory.lifecycle_engine.neo4j_manager'; 'Atlas.memory.lifecycle_engine' is not a package

======================================================================
ERROR: test_exclusive_same_value_no_supersede (Atlas.memory.test_faz5_lifecycle.TestExclusiveOverwrite)
EXCLUSIVE predicate: ayn² de­er ile supersede olmaz (update)
----------------------------------------------------------------------
Traceback (most recent call last):
  File "C:\Users\admin\AppData\Local\Programs\Python\Python310\lib\unittest\async_case.py", line 64, in _callTestMethod
    self._callMaybeAsync(method)
  File "C:\Users\admin\AppData\Local\Programs\Python\Python310\lib\unittest\async_case.py", line 87, in _callMaybeAsync
    return self._asyncioTestLoop.run_until_complete(fut)
  File "C:\Users\admin\AppData\Local\Programs\Python\Python310\lib\asyncio\base_events.py", line 649, in run_until_complete
    return future.result()
  File "C:\Users\admin\AppData\Local\Programs\Python\Python310\lib\unittest\async_case.py", line 101, in _asyncioLoopRunner
    ret = await awaitable
  File "C:\Users\admin\AppData\Local\Programs\Python\Python310\lib\unittest\mock.py", line 1393, in patched
    with self.decoration_helper(patched,
  File "C:\Users\admin\AppData\Local\Programs\Python\Python310\lib\contextlib.py", line 135, in __enter__
    return next(self.gen)
  File "C:\Users\admin\AppData\Local\Programs\Python\Python310\lib\unittest\mock.py", line 1358, in decoration_helper
    arg = exit_stack.enter_context(patching)
  File "C:\Users\admin\AppData\Local\Programs\Python\Python310\lib\contextlib.py", line 492, in enter_context
    result = _cm_type.__enter__(cm)
  File "C:\Users\admin\AppData\Local\Programs\Python\Python310\lib\unittest\mock.py", line 1431, in __enter__
    self.target = self.getter()
  File "C:\Users\admin\AppData\Local\Programs\Python\Python310\lib\unittest\mock.py", line 1618, in <lambda>
    getter = lambda: _importer(target)
  File "C:\Users\admin\AppData\Local\Programs\Python\Python310\lib\unittest\mock.py", line 1261, in _importer
    thing = _dot_lookup(thing, comp, import_path)
  File "C:\Users\admin\AppData\Local\Programs\Python\Python310\lib\unittest\mock.py", line 1250, in _dot_lookup
    __import__(import_path)
ModuleNotFoundError: No module named 'Atlas.memory.lifecycle_engine.neo4j_manager'; 'Atlas.memory.lifecycle_engine' is not a package

======================================================================
ERROR: test_user_a_supersede_does_not_affect_user_b (Atlas.memory.test_faz5_lifecycle.TestMultiUserIsolation)
UserA supersede edince userB etkilenmez
----------------------------------------------------------------------
Traceback (most recent call last):
  File "C:\Users\admin\AppData\Local\Programs\Python\Python310\lib\unittest\async_case.py", line 64, in _callTestMethod
    self._callMaybeAsync(method)
  File "C:\Users\admin\AppData\Local\Programs\Python\Python310\lib\unittest\async_case.py", line 87, in _callMaybeAsync
    return self._asyncioTestLoop.run_until_complete(fut)
  File "C:\Users\admin\AppData\Local\Programs\Python\Python310\lib\asyncio\base_events.py", line 649, in run_until_complete
    return future.result()
  File "C:\Users\admin\AppData\Local\Programs\Python\Python310\lib\unittest\async_case.py", line 101, in _asyncioLoopRunner
    ret = await awaitable
  File "C:\Users\admin\AppData\Local\Programs\Python\Python310\lib\unittest\mock.py", line 1393, in patched
    with self.decoration_helper(patched,
  File "C:\Users\admin\AppData\Local\Programs\Python\Python310\lib\contextlib.py", line 135, in __enter__
    return next(self.gen)
  File "C:\Users\admin\AppData\Local\Programs\Python\Python310\lib\unittest\mock.py", line 1358, in decoration_helper
    arg = exit_stack.enter_context(patching)
  File "C:\Users\admin\AppData\Local\Programs\Python\Python310\lib\contextlib.py", line 492, in enter_context
    result = _cm_type.__enter__(cm)
  File "C:\Users\admin\AppData\Local\Programs\Python\Python310\lib\unittest\mock.py", line 1431, in __enter__
    self.target = self.getter()
  File "C:\Users\admin\AppData\Local\Programs\Python\Python310\lib\unittest\mock.py", line 1618, in <lambda>
    getter = lambda: _importer(target)
  File "C:\Users\admin\AppData\Local\Programs\Python\Python310\lib\unittest\mock.py", line 1261, in _importer
    thing = _dot_lookup(thing, comp, import_path)
  File "C:\Users\admin\AppData\Local\Programs\Python\Python310\lib\unittest\mock.py", line 1250, in _dot_lookup
    __import__(import_path)
ModuleNotFoundError: No module named 'Atlas.memory.lifecycle_engine.neo4j_manager'; 'Atlas.memory.lifecycle_engine' is not a package

======================================================================
ERROR: test_resolve_preserves_source_turn_id (Atlas.memory.test_faz5_lifecycle.TestProvenanceIntegrity)
resolve_conflicts source_turn_id'yi triplet'lerde koruyor
----------------------------------------------------------------------
Traceback (most recent call last):
  File "C:\Users\admin\AppData\Local\Programs\Python\Python310\lib\unittest\async_case.py", line 64, in _callTestMethod
    self._callMaybeAsync(method)
  File "C:\Users\admin\AppData\Local\Programs\Python\Python310\lib\unittest\async_case.py", line 87, in _callMaybeAsync
    return self._asyncioTestLoop.run_until_complete(fut)
  File "C:\Users\admin\AppData\Local\Programs\Python\Python310\lib\asyncio\base_events.py", line 649, in run_until_complete
    return future.result()
  File "C:\Users\admin\AppData\Local\Programs\Python\Python310\lib\unittest\async_case.py", line 101, in _asyncioLoopRunner
    ret = await awaitable
  File "C:\Users\admin\AppData\Local\Programs\Python\Python310\lib\unittest\mock.py", line 1393, in patched
    with self.decoration_helper(patched,
  File "C:\Users\admin\AppData\Local\Programs\Python\Python310\lib\contextlib.py", line 135, in __enter__
    return next(self.gen)
  File "C:\Users\admin\AppData\Local\Programs\Python\Python310\lib\unittest\mock.py", line 1358, in decoration_helper
    arg = exit_stack.enter_context(patching)
  File "C:\Users\admin\AppData\Local\Programs\Python\Python310\lib\contextlib.py", line 492, in enter_context
    result = _cm_type.__enter__(cm)
  File "C:\Users\admin\AppData\Local\Programs\Python\Python310\lib\unittest\mock.py", line 1431, in __enter__
    self.target = self.getter()
  File "C:\Users\admin\AppData\Local\Programs\Python\Python310\lib\unittest\mock.py", line 1618, in <lambda>
    getter = lambda: _importer(target)
  File "C:\Users\admin\AppData\Local\Programs\Python\Python310\lib\unittest\mock.py", line 1261, in _importer
    thing = _dot_lookup(thing, comp, import_path)
  File "C:\Users\admin\AppData\Local\Programs\Python\Python310\lib\unittest\mock.py", line 1250, in _dot_lookup
    __import__(import_path)
ModuleNotFoundError: No module named 'Atlas.memory.lifecycle_engine.neo4j_manager'; 'Atlas.memory.lifecycle_engine' is not a package

======================================================================
ERROR: test_supersede_sets_correct_fields (Atlas.memory.test_faz5_lifecycle.TestProvenanceIntegrity)
Supersede operation do­ru provenance alanlar²n² set eder
----------------------------------------------------------------------
Traceback (most recent call last):
  File "C:\Users\admin\AppData\Local\Programs\Python\Python310\lib\unittest\async_case.py", line 64, in _callTestMethod
    self._callMaybeAsync(method)
  File "C:\Users\admin\AppData\Local\Programs\Python\Python310\lib\unittest\async_case.py", line 87, in _callMaybeAsync
    return self._asyncioTestLoop.run_until_complete(fut)
  File "C:\Users\admin\AppData\Local\Programs\Python\Python310\lib\asyncio\base_events.py", line 649, in run_until_complete
    return future.result()
  File "C:\Users\admin\AppData\Local\Programs\Python\Python310\lib\unittest\async_case.py", line 101, in _asyncioLoopRunner
    ret = await awaitable
  File "C:\Users\admin\AppData\Local\Programs\Python\Python310\lib\unittest\mock.py", line 1393, in patched
    with self.decoration_helper(patched,
  File "C:\Users\admin\AppData\Local\Programs\Python\Python310\lib\contextlib.py", line 135, in __enter__
    return next(self.gen)
  File "C:\Users\admin\AppData\Local\Programs\Python\Python310\lib\unittest\mock.py", line 1358, in decoration_helper
    arg = exit_stack.enter_context(patching)
  File "C:\Users\admin\AppData\Local\Programs\Python\Python310\lib\contextlib.py", line 492, in enter_context
    result = _cm_type.__enter__(cm)
  File "C:\Users\admin\AppData\Local\Programs\Python\Python310\lib\unittest\mock.py", line 1431, in __enter__
    self.target = self.getter()
  File "C:\Users\admin\AppData\Local\Programs\Python\Python310\lib\unittest\mock.py", line 1618, in <lambda>
    getter = lambda: _importer(target)
  File "C:\Users\admin\AppData\Local\Programs\Python\Python310\lib\unittest\mock.py", line 1261, in _importer
    thing = _dot_lookup(thing, comp, import_path)
  File "C:\Users\admin\AppData\Local\Programs\Python\Python310\lib\unittest\mock.py", line 1250, in _dot_lookup
    __import__(import_path)
ModuleNotFoundError: No module named 'Atlas.memory.lifecycle_engine.neo4j_manager'; 'Atlas.memory.lifecycle_engine' is not a package

----------------------------------------------------------------------
Ran 7 tests in 0.060s

FAILED (errors=6)
