test_anchor_subject_used_correctly (Atlas.memory.test_faz6_context_packaging.TestAnchorUsage)
Anchor subject do­ru kullan²l²yor ... ERROR
test_minimal_context_format (Atlas.memory.test_faz6_context_packaging.TestBuildMemoryContextV3)
Minimal context format² do­ru ... ok
test_no_catalog_returns_minimal_context (Atlas.memory.test_faz6_context_packaging.TestBuildMemoryContextV3)
Catalog y³klenemediyse minimal context d÷ner ... ERROR
test_off_mode_context_format (Atlas.memory.test_faz6_context_packaging.TestBuildMemoryContextV3)
OFF mode context format² do­ru ... ok
test_off_mode_returns_off_context (Atlas.memory.test_faz6_context_packaging.TestBuildMemoryContextV3)
MemoryPolicy.OFF ise ki■isel haf²za kapal² context d÷ner ... ok
test_standard_mode_retrieves_all_sections (Atlas.memory.test_faz6_context_packaging.TestBuildMemoryContextV3)
STANDARD mode: identity, hard, soft retrieval al²■²r ... ERROR
test_empty_graph_format_not_broken (Atlas.memory.test_faz6_context_packaging.TestEmptyGraph)
Bo■ graph durumda format bozulmuyor ... ok
test_all_identity_present_no_questions (Atlas.memory.test_faz6_context_packaging.TestOpenQuestions)
T³m essential identity varsa soru ³retilmez ... ok
test_missing_essential_identity_generates_questions (Atlas.memory.test_faz6_context_packaging.TestOpenQuestions)
Eksik essential identity predicates soru ³retir ... ok
test_retrieve_hard_facts_exclusive_only (Atlas.memory.test_faz6_context_packaging.TestRetrievalFunctions)
Hard facts sadece EXCLUSIVE predicates ... ERROR
test_retrieve_identity_facts_active_only (Atlas.memory.test_faz6_context_packaging.TestRetrievalFunctions)
Identity facts sadece ACTIVE olanlar² d÷ner ... ERROR
test_retrieve_soft_signals_additive_temporal (Atlas.memory.test_faz6_context_packaging.TestRetrievalFunctions)
Soft signals sadece ADDITIVE/TEMPORAL predicates ... ERROR
test_superseded_not_in_results (Atlas.memory.test_faz6_context_packaging.TestStatusFiltering)
SUPERSEDED relationship'ler retrieval'e d³■mez ... ERROR
test_hard_facts_truncation_max_20 (Atlas.memory.test_faz6_context_packaging.TestTruncation)
Hard facts max 20 sat²r ... ok
test_identity_truncation_max_10 (Atlas.memory.test_faz6_context_packaging.TestTruncation)
Identity facts max 10 sat²r ... ok
test_open_questions_truncation_max_10 (Atlas.memory.test_faz6_context_packaging.TestTruncation)
Open questions max 10 sat²r ... ok
test_soft_signals_truncation_max_20 (Atlas.memory.test_faz6_context_packaging.TestTruncation)
Soft signals max 20 sat²r ... ok

======================================================================
ERROR: test_anchor_subject_used_correctly (Atlas.memory.test_faz6_context_packaging.TestAnchorUsage)
Anchor subject do­ru kullan²l²yor
----------------------------------------------------------------------
Traceback (most recent call last):
  File "C:\Users\admin\AppData\Local\Programs\Python\Python310\lib\unittest\async_case.py", line 64, in _callTestMethod
    self._callMaybeAsync(method)
  File "C:\Users\admin\AppData\Local\Programs\Python\Python310\lib\unittest\async_case.py", line 87, in _callMaybeAsync
    return self._asyncioTestLoop.run_until_complete(fut)
  File "C:\Users\admin\AppData\Local\Programs\Python\Python310\lib\asyncio\base_events.py", line 649, in run_until_complete
    return future.result()
  File "C:\Users\admin\AppData\Local\Programs\Python\Python310\lib\unittest\async_case.py", line 101, in _asyncioLoopRunner
    ret = await awaitable
  File "C:\Users\admin\AppData\Local\Programs\Python\Python310\lib\unittest\mock.py", line 1393, in patched
    with self.decoration_helper(patched,
  File "C:\Users\admin\AppData\Local\Programs\Python\Python310\lib\contextlib.py", line 135, in __enter__
    return next(self.gen)
  File "C:\Users\admin\AppData\Local\Programs\Python\Python310\lib\unittest\mock.py", line 1358, in decoration_helper
    arg = exit_stack.enter_context(patching)
  File "C:\Users\admin\AppData\Local\Programs\Python\Python310\lib\contextlib.py", line 492, in enter_context
    result = _cm_type.__enter__(cm)
  File "C:\Users\admin\AppData\Local\Programs\Python\Python310\lib\unittest\mock.py", line 1447, in __enter__
    original, local = self.get_original()
  File "C:\Users\admin\AppData\Local\Programs\Python\Python310\lib\unittest\mock.py", line 1420, in get_original
    raise AttributeError(
AttributeError: <module 'Atlas.memory.context' from 'D:\\ai\\mami_ai_v4\\standalone_router\\Atlas\\memory\\context.py'> does not have the attribute 'get_user_anchor'

======================================================================
ERROR: test_no_catalog_returns_minimal_context (Atlas.memory.test_faz6_context_packaging.TestBuildMemoryContextV3)
Catalog y³klenemediyse minimal context d÷ner
----------------------------------------------------------------------
Traceback (most recent call last):
  File "C:\Users\admin\AppData\Local\Programs\Python\Python310\lib\unittest\async_case.py", line 64, in _callTestMethod
    self._callMaybeAsync(method)
  File "C:\Users\admin\AppData\Local\Programs\Python\Python310\lib\unittest\async_case.py", line 87, in _callMaybeAsync
    return self._asyncioTestLoop.run_until_complete(fut)
  File "C:\Users\admin\AppData\Local\Programs\Python\Python310\lib\asyncio\base_events.py", line 649, in run_until_complete
    return future.result()
  File "C:\Users\admin\AppData\Local\Programs\Python\Python310\lib\unittest\async_case.py", line 101, in _asyncioLoopRunner
    ret = await awaitable
  File "C:\Users\admin\AppData\Local\Programs\Python\Python310\lib\unittest\mock.py", line 1393, in patched
    with self.decoration_helper(patched,
  File "C:\Users\admin\AppData\Local\Programs\Python\Python310\lib\contextlib.py", line 135, in __enter__
    return next(self.gen)
  File "C:\Users\admin\AppData\Local\Programs\Python\Python310\lib\unittest\mock.py", line 1358, in decoration_helper
    arg = exit_stack.enter_context(patching)
  File "C:\Users\admin\AppData\Local\Programs\Python\Python310\lib\contextlib.py", line 492, in enter_context
    result = _cm_type.__enter__(cm)
  File "C:\Users\admin\AppData\Local\Programs\Python\Python310\lib\unittest\mock.py", line 1447, in __enter__
    original, local = self.get_original()
  File "C:\Users\admin\AppData\Local\Programs\Python\Python310\lib\unittest\mock.py", line 1420, in get_original
    raise AttributeError(
AttributeError: <module 'Atlas.memory.context' from 'D:\\ai\\mami_ai_v4\\standalone_router\\Atlas\\memory\\context.py'> does not have the attribute 'get_catalog'

======================================================================
ERROR: test_standard_mode_retrieves_all_sections (Atlas.memory.test_faz6_context_packaging.TestBuildMemoryContextV3)
STANDARD mode: identity, hard, soft retrieval al²■²r
----------------------------------------------------------------------
Traceback (most recent call last):
  File "C:\Users\admin\AppData\Local\Programs\Python\Python310\lib\unittest\async_case.py", line 64, in _callTestMethod
    self._callMaybeAsync(method)
  File "C:\Users\admin\AppData\Local\Programs\Python\Python310\lib\unittest\async_case.py", line 87, in _callMaybeAsync
    return self._asyncioTestLoop.run_until_complete(fut)
  File "C:\Users\admin\AppData\Local\Programs\Python\Python310\lib\asyncio\base_events.py", line 649, in run_until_complete
    return future.result()
  File "C:\Users\admin\AppData\Local\Programs\Python\Python310\lib\unittest\async_case.py", line 101, in _asyncioLoopRunner
    ret = await awaitable
  File "C:\Users\admin\AppData\Local\Programs\Python\Python310\lib\unittest\mock.py", line 1393, in patched
    with self.decoration_helper(patched,
  File "C:\Users\admin\AppData\Local\Programs\Python\Python310\lib\contextlib.py", line 135, in __enter__
    return next(self.gen)
  File "C:\Users\admin\AppData\Local\Programs\Python\Python310\lib\unittest\mock.py", line 1358, in decoration_helper
    arg = exit_stack.enter_context(patching)
  File "C:\Users\admin\AppData\Local\Programs\Python\Python310\lib\contextlib.py", line 492, in enter_context
    result = _cm_type.__enter__(cm)
  File "C:\Users\admin\AppData\Local\Programs\Python\Python310\lib\unittest\mock.py", line 1447, in __enter__
    original, local = self.get_original()
  File "C:\Users\admin\AppData\Local\Programs\Python\Python310\lib\unittest\mock.py", line 1420, in get_original
    raise AttributeError(
AttributeError: <module 'Atlas.memory.context' from 'D:\\ai\\mami_ai_v4\\standalone_router\\Atlas\\memory\\context.py'> does not have the attribute 'load_policy_for_user'

======================================================================
ERROR: test_retrieve_hard_facts_exclusive_only (Atlas.memory.test_faz6_context_packaging.TestRetrievalFunctions)
Hard facts sadece EXCLUSIVE predicates
----------------------------------------------------------------------
Traceback (most recent call last):
  File "C:\Users\admin\AppData\Local\Programs\Python\Python310\lib\unittest\async_case.py", line 64, in _callTestMethod
    self._callMaybeAsync(method)
  File "C:\Users\admin\AppData\Local\Programs\Python\Python310\lib\unittest\async_case.py", line 87, in _callMaybeAsync
    return self._asyncioTestLoop.run_until_complete(fut)
  File "C:\Users\admin\AppData\Local\Programs\Python\Python310\lib\asyncio\base_events.py", line 649, in run_until_complete
    return future.result()
  File "C:\Users\admin\AppData\Local\Programs\Python\Python310\lib\unittest\async_case.py", line 101, in _asyncioLoopRunner
    ret = await awaitable
  File "C:\Users\admin\AppData\Local\Programs\Python\Python310\lib\unittest\mock.py", line 1393, in patched
    with self.decoration_helper(patched,
  File "C:\Users\admin\AppData\Local\Programs\Python\Python310\lib\contextlib.py", line 135, in __enter__
    return next(self.gen)
  File "C:\Users\admin\AppData\Local\Programs\Python\Python310\lib\unittest\mock.py", line 1358, in decoration_helper
    arg = exit_stack.enter_context(patching)
  File "C:\Users\admin\AppData\Local\Programs\Python\Python310\lib\contextlib.py", line 492, in enter_context
    result = _cm_type.__enter__(cm)
  File "C:\Users\admin\AppData\Local\Programs\Python\Python310\lib\unittest\mock.py", line 1431, in __enter__
    self.target = self.getter()
  File "C:\Users\admin\AppData\Local\Programs\Python\Python310\lib\unittest\mock.py", line 1618, in <lambda>
    getter = lambda: _importer(target)
  File "C:\Users\admin\AppData\Local\Programs\Python\Python310\lib\unittest\mock.py", line 1261, in _importer
    thing = _dot_lookup(thing, comp, import_path)
  File "C:\Users\admin\AppData\Local\Programs\Python\Python310\lib\unittest\mock.py", line 1250, in _dot_lookup
    __import__(import_path)
ModuleNotFoundError: No module named 'Atlas.memory.context.neo4j_manager'; 'Atlas.memory.context' is not a package

======================================================================
ERROR: test_retrieve_identity_facts_active_only (Atlas.memory.test_faz6_context_packaging.TestRetrievalFunctions)
Identity facts sadece ACTIVE olanlar² d÷ner
----------------------------------------------------------------------
Traceback (most recent call last):
  File "C:\Users\admin\AppData\Local\Programs\Python\Python310\lib\unittest\async_case.py", line 64, in _callTestMethod
    self._callMaybeAsync(method)
  File "C:\Users\admin\AppData\Local\Programs\Python\Python310\lib\unittest\async_case.py", line 87, in _callMaybeAsync
    return self._asyncioTestLoop.run_until_complete(fut)
  File "C:\Users\admin\AppData\Local\Programs\Python\Python310\lib\asyncio\base_events.py", line 649, in run_until_complete
    return future.result()
  File "C:\Users\admin\AppData\Local\Programs\Python\Python310\lib\unittest\async_case.py", line 101, in _asyncioLoopRunner
    ret = await awaitable
  File "C:\Users\admin\AppData\Local\Programs\Python\Python310\lib\unittest\mock.py", line 1393, in patched
    with self.decoration_helper(patched,
  File "C:\Users\admin\AppData\Local\Programs\Python\Python310\lib\contextlib.py", line 135, in __enter__
    return next(self.gen)
  File "C:\Users\admin\AppData\Local\Programs\Python\Python310\lib\unittest\mock.py", line 1358, in decoration_helper
    arg = exit_stack.enter_context(patching)
  File "C:\Users\admin\AppData\Local\Programs\Python\Python310\lib\contextlib.py", line 492, in enter_context
    result = _cm_type.__enter__(cm)
  File "C:\Users\admin\AppData\Local\Programs\Python\Python310\lib\unittest\mock.py", line 1431, in __enter__
    self.target = self.getter()
  File "C:\Users\admin\AppData\Local\Programs\Python\Python310\lib\unittest\mock.py", line 1618, in <lambda>
    getter = lambda: _importer(target)
  File "C:\Users\admin\AppData\Local\Programs\Python\Python310\lib\unittest\mock.py", line 1261, in _importer
    thing = _dot_lookup(thing, comp, import_path)
  File "C:\Users\admin\AppData\Local\Programs\Python\Python310\lib\unittest\mock.py", line 1250, in _dot_lookup
    __import__(import_path)
ModuleNotFoundError: No module named 'Atlas.memory.context.neo4j_manager'; 'Atlas.memory.context' is not a package

======================================================================
ERROR: test_retrieve_soft_signals_additive_temporal (Atlas.memory.test_faz6_context_packaging.TestRetrievalFunctions)
Soft signals sadece ADDITIVE/TEMPORAL predicates
----------------------------------------------------------------------
Traceback (most recent call last):
  File "C:\Users\admin\AppData\Local\Programs\Python\Python310\lib\unittest\async_case.py", line 64, in _callTestMethod
    self._callMaybeAsync(method)
  File "C:\Users\admin\AppData\Local\Programs\Python\Python310\lib\unittest\async_case.py", line 87, in _callMaybeAsync
    return self._asyncioTestLoop.run_until_complete(fut)
  File "C:\Users\admin\AppData\Local\Programs\Python\Python310\lib\asyncio\base_events.py", line 649, in run_until_complete
    return future.result()
  File "C:\Users\admin\AppData\Local\Programs\Python\Python310\lib\unittest\async_case.py", line 101, in _asyncioLoopRunner
    ret = await awaitable
  File "C:\Users\admin\AppData\Local\Programs\Python\Python310\lib\unittest\mock.py", line 1393, in patched
    with self.decoration_helper(patched,
  File "C:\Users\admin\AppData\Local\Programs\Python\Python310\lib\contextlib.py", line 135, in __enter__
    return next(self.gen)
  File "C:\Users\admin\AppData\Local\Programs\Python\Python310\lib\unittest\mock.py", line 1358, in decoration_helper
    arg = exit_stack.enter_context(patching)
  File "C:\Users\admin\AppData\Local\Programs\Python\Python310\lib\contextlib.py", line 492, in enter_context
    result = _cm_type.__enter__(cm)
  File "C:\Users\admin\AppData\Local\Programs\Python\Python310\lib\unittest\mock.py", line 1431, in __enter__
    self.target = self.getter()
  File "C:\Users\admin\AppData\Local\Programs\Python\Python310\lib\unittest\mock.py", line 1618, in <lambda>
    getter = lambda: _importer(target)
  File "C:\Users\admin\AppData\Local\Programs\Python\Python310\lib\unittest\mock.py", line 1261, in _importer
    thing = _dot_lookup(thing, comp, import_path)
  File "C:\Users\admin\AppData\Local\Programs\Python\Python310\lib\unittest\mock.py", line 1250, in _dot_lookup
    __import__(import_path)
ModuleNotFoundError: No module named 'Atlas.memory.context.neo4j_manager'; 'Atlas.memory.context' is not a package

======================================================================
ERROR: test_superseded_not_in_results (Atlas.memory.test_faz6_context_packaging.TestStatusFiltering)
SUPERSEDED relationship'ler retrieval'e d³■mez
----------------------------------------------------------------------
Traceback (most recent call last):
  File "C:\Users\admin\AppData\Local\Programs\Python\Python310\lib\unittest\async_case.py", line 64, in _callTestMethod
    self._callMaybeAsync(method)
  File "C:\Users\admin\AppData\Local\Programs\Python\Python310\lib\unittest\async_case.py", line 87, in _callMaybeAsync
    return self._asyncioTestLoop.run_until_complete(fut)
  File "C:\Users\admin\AppData\Local\Programs\Python\Python310\lib\asyncio\base_events.py", line 649, in run_until_complete
    return future.result()
  File "C:\Users\admin\AppData\Local\Programs\Python\Python310\lib\unittest\async_case.py", line 101, in _asyncioLoopRunner
    ret = await awaitable
  File "C:\Users\admin\AppData\Local\Programs\Python\Python310\lib\unittest\mock.py", line 1393, in patched
    with self.decoration_helper(patched,
  File "C:\Users\admin\AppData\Local\Programs\Python\Python310\lib\contextlib.py", line 135, in __enter__
    return next(self.gen)
  File "C:\Users\admin\AppData\Local\Programs\Python\Python310\lib\unittest\mock.py", line 1358, in decoration_helper
    arg = exit_stack.enter_context(patching)
  File "C:\Users\admin\AppData\Local\Programs\Python\Python310\lib\contextlib.py", line 492, in enter_context
    result = _cm_type.__enter__(cm)
  File "C:\Users\admin\AppData\Local\Programs\Python\Python310\lib\unittest\mock.py", line 1431, in __enter__
    self.target = self.getter()
  File "C:\Users\admin\AppData\Local\Programs\Python\Python310\lib\unittest\mock.py", line 1618, in <lambda>
    getter = lambda: _importer(target)
  File "C:\Users\admin\AppData\Local\Programs\Python\Python310\lib\unittest\mock.py", line 1261, in _importer
    thing = _dot_lookup(thing, comp, import_path)
  File "C:\Users\admin\AppData\Local\Programs\Python\Python310\lib\unittest\mock.py", line 1250, in _dot_lookup
    __import__(import_path)
ModuleNotFoundError: No module named 'Atlas.memory.context.neo4j_manager'; 'Atlas.memory.context' is not a package

----------------------------------------------------------------------
Ran 17 tests in 0.107s

FAILED (errors=7)
