test_trace_auto_generation (Atlas.memory.test_rc9_trace.TestRC9Trace) ... FAIL
test_trace_reason_bypass (Atlas.memory.test_rc9_trace.TestRC9Trace) ... ok

======================================================================
FAIL: test_trace_auto_generation (Atlas.memory.test_rc9_trace.TestRC9Trace)
----------------------------------------------------------------------
Traceback (most recent call last):
  File "C:\Users\admin\AppData\Local\Programs\Python\Python310\lib\unittest\async_case.py", line 64, in _callTestMethod
    self._callMaybeAsync(method)
  File "C:\Users\admin\AppData\Local\Programs\Python\Python310\lib\unittest\async_case.py", line 87, in _callMaybeAsync
    return self._asyncioTestLoop.run_until_complete(fut)
  File "C:\Users\admin\AppData\Local\Programs\Python\Python310\lib\asyncio\base_events.py", line 649, in run_until_complete
    return future.result()
  File "C:\Users\admin\AppData\Local\Programs\Python\Python310\lib\unittest\async_case.py", line 101, in _asyncioLoopRunner
    ret = await awaitable
  File "C:\Users\admin\AppData\Local\Programs\Python\Python310\lib\unittest\mock.py", line 1396, in patched
    return await func(*newargs, **newkeywargs)
  File "D:\ai\mami_ai_v4\standalone_router\Atlas\memory\test_rc9_trace.py", line 29, in test_trace_auto_generation
    self.assertTrue(any("Noise Guard" in r for r in trace_data["reasons"]))
AssertionError: False is not true

----------------------------------------------------------------------
Ran 2 tests in 0.019s

FAILED (failures=1)
